#
# A fatal error has been detected by the Java Runtime Environment:
#
#  EXCEPTION_ACCESS_VIOLATION (0xc0000005) at pc=0x000000006a00b5bb, pid=7824, tid=0x0000000000001b84
#
# JRE version: Java(TM) SE Runtime Environment (8.0_333-b02) (build 1.8.0_333-b02)
# Java VM: Java HotSpot(TM) 64-Bit Server VM (25.333-b02 mixed mode windows-amd64 compressed oops)
# Problematic frame:
# C  [jSSC-2.6_x86_64.dll+0xb5bb]
#
# Failed to write core dump. Minidumps are not enabled by default on client versions of Windows
#
# If you would like to submit a bug report, please visit:
#   http://bugreport.java.com/bugreport/crash.jsp
# The crash happened outside the Java Virtual Machine in native code.
# See problematic frame for where to report the bug.
#

---------------  T H R E A D  ---------------

Current thread (0x00000184ed918800):  JavaThread "main" [_thread_in_native, id=7044, stack(0x0000002267400000,0x0000002267500000)]

siginfo: ExceptionCode=0xc0000005, reading address 0xffffffffedbc19a4

Registers:
RAX=0xffffffffedbc19a4, RBX=0x00000022674ff5a0, RCX=0x00007ffc35fcd124, RDX=0x0000000000000000
RSP=0x00000022674ff530, RBP=0x00000022674ff6b0, RSI=0xfffffffffffffffc, RDI=0x0000000000000408
R8 =0x00000022674ff428, R9 =0x00000022674ff520, R10=0x0000000000000000, R11=0x0000000000000246
R12=0x00000022674ff760, R13=0x00000184ed92fec0, R14=0x00000022674ff660, R15=0x00000184ed918800
RIP=0x000000006a00b5bb, EFLAGS=0x0000000000010206

Top of Stack: (sp=0x00000022674ff530)
0x00000022674ff530:   0000018484e99b90 00000184ed92fb20
0x00000022674ff540:   000000006a00b210 00000184ed8e0000
0x00000022674ff550:   00000184edab0000 0000000000000004
0x00000022674ff560:   fffffffffffffffc 0000000000000408
0x00000022674ff570:   00000022674ff6b0 000000006a012570
0x00000022674ff580:   00000184ed918800 00000022674ff660
0x00000022674ff590:   00000184ed92fec0 00000022674ff760
0x00000022674ff5a0:   00000184ed92fec0 00007ffc35f547b1
0x00000022674ff5b0:   00000022674ff5e0 00000184ed8e0000
0x00000022674ff5c0:   00000022674ff6b0 0000000000000000
0x00000022674ff5d0:   000000006a0134e0 000000006a013bc8
0x00000022674ff5e0:   00000022674ff610 000000006a012621
0x00000022674ff5f0:   00000022674ff580 00000184ed918a00
0x00000022674ff600:   0000000000000000 0000000000000000
0x00000022674ff610:   00000022674ff6b0 000000006a00157c
0x00000022674ff620:   000000000000001c 0000018400000000 

Instructions: (pc=0x000000006a00b5bb)
0x000000006a00b59b:   c5 0f 1f 40 00 55 57 56 53 48 83 ec 28 48 8b 05
0x000000006a00b5ab:   59 33 01 00 48 89 cb 48 85 c0 0f 84 c5 00 00 00
0x000000006a00b5bb:   8b 38 85 ff 0f 88 ab 00 00 00 48 8b 05 3c 33 01
0x000000006a00b5cb:   00 48 85 c0 0f 84 bc 00 00 00 8b 30 85 f6 74 57 


Register to memory mapping:

RAX=0xffffffffedbc19a4 is an unknown value
RBX=0x00000022674ff5a0 is pointing into the stack for thread: 0x00000184ed918800
RCX=0x00007ffc35fcd124 is an unknown value
RDX=0x0000000000000000 is an unknown value
RSP=0x00000022674ff530 is pointing into the stack for thread: 0x00000184ed918800
RBP=0x00000022674ff6b0 is pointing into the stack for thread: 0x00000184ed918800
RSI=0xfffffffffffffffc is an unknown value
RDI=0x0000000000000408 is an unknown value
R8 =0x00000022674ff428 is pointing into the stack for thread: 0x00000184ed918800
R9 =0x00000022674ff520 is pointing into the stack for thread: 0x00000184ed918800
R10=0x0000000000000000 is an unknown value
R11=0x0000000000000246 is an unknown value
R12=0x00000022674ff760 is pointing into the stack for thread: 0x00000184ed918800
R13=0x00000184ed92fec0 is an unknown value
R14=0x00000022674ff660 is pointing into the stack for thread: 0x00000184ed918800
R15=0x00000184ed918800 is a thread


Stack: [0x0000002267400000,0x0000002267500000],  sp=0x00000022674ff530,  free space=1021k
Native frames: (J=compiled Java code, j=interpreted, Vv=VM code, C=native code)
C  [jSSC-2.6_x86_64.dll+0xb5bb]
C  [jSSC-2.6_x86_64.dll+0x12570]
C  [jSSC-2.6_x86_64.dll+0x157c]
C  0x00000184ef38a02e

Java frames: (J=compiled Java code, j=interpreted, Vv=VM code)
j  jssc.SerialNativeInterface.openPort(Ljava/lang/String;Z)J+0
j  jssc.SerialPort.openPort()Z+65
j  com.company.Main.sendMertechQrDisplay(Ljava/lang/String;)V+33
j  com.company.Main.main([Ljava/lang/String;)V+2
v  ~StubRoutines::call_stub

---------------  P R O C E S S  ---------------

Java Threads: ( => current thread )
  0x0000018484e22800 JavaThread "Service Thread" daemon [_thread_blocked, id=10348, stack(0x0000002268200000,0x0000002268300000)]
  0x00000184842da800 JavaThread "C1 CompilerThread2" daemon [_thread_blocked, id=12516, stack(0x0000002268100000,0x0000002268200000)]
  0x00000184842c4000 JavaThread "C2 CompilerThread1" daemon [_thread_blocked, id=10804, stack(0x0000002268000000,0x0000002268100000)]
  0x00000184842c1000 JavaThread "C2 CompilerThread0" daemon [_thread_blocked, id=2516, stack(0x0000002267f00000,0x0000002268000000)]
  0x00000184842bf800 JavaThread "Monitor Ctrl-Break" daemon [_thread_in_native, id=4160, stack(0x0000002267e00000,0x0000002267f00000)]
  0x000001848421e000 JavaThread "Attach Listener" daemon [_thread_blocked, id=7660, stack(0x0000002267d00000,0x0000002267e00000)]
  0x000001848421d000 JavaThread "Signal Dispatcher" daemon [_thread_blocked, id=2408, stack(0x0000002267c00000,0x0000002267d00000)]
  0x00000184ffadc000 JavaThread "Finalizer" daemon [_thread_blocked, id=10800, stack(0x0000002267b00000,0x0000002267c00000)]
  0x00000184841f6000 JavaThread "Reference Handler" daemon [_thread_blocked, id=9744, stack(0x0000002267a00000,0x0000002267b00000)]
=>0x00000184ed918800 JavaThread "main" [_thread_in_native, id=7044, stack(0x0000002267400000,0x0000002267500000)]

Other Threads:
  0x00000184841d5000 VMThread [stack: 0x0000002267900000,0x0000002267a00000] [id=3440]
  0x0000018484e6f800 WatcherThread [stack: 0x0000002268300000,0x0000002268400000] [id=3144]

VM state:not at safepoint (normal execution)

VM Mutex/Monitor currently owned by a thread: None

heap address: 0x0000000081e00000, size: 2018 MB, Compressed Oops mode: 32-bit
Narrow klass base: 0x0000000000000000, Narrow klass shift: 3
Compressed class space size: 1073741824 Address: 0x0000000100000000

Heap:
 PSYoungGen      total 38400K, used 2662K [0x00000000d5f80000, 0x00000000d8a00000, 0x0000000100000000)
  eden space 33280K, 8% used [0x00000000d5f80000,0x00000000d62199f8,0x00000000d8000000)
  from space 5120K, 0% used [0x00000000d8500000,0x00000000d8500000,0x00000000d8a00000)
  to   space 5120K, 0% used [0x00000000d8000000,0x00000000d8000000,0x00000000d8500000)
 ParOldGen       total 87552K, used 0K [0x0000000081e00000, 0x0000000087380000, 0x00000000d5f80000)
  object space 87552K, 0% used [0x0000000081e00000,0x0000000081e00000,0x0000000087380000)
 Metaspace       used 3288K, capacity 4600K, committed 4864K, reserved 1056768K
  class space    used 362K, capacity 424K, committed 512K, reserved 1048576K

Card table byte_map: [0x00000184fe730000,0x00000184feb30000] byte_map_base: 0x00000184fe321000

Marking Bits: (ParMarkBitMap*) 0x000000006d9b9030
 Begin Bits: [0x0000018480000000, 0x0000018481f88000)
 End Bits:   [0x0000018481f88000, 0x0000018483f10000)

Polling page: 0x00000184edb20000

CodeCache: size=245760Kb used=1182Kb max_used=1182Kb free=244577Kb
 bounds [0x00000184ef370000, 0x00000184ef5e0000, 0x00000184fe370000]
 total_blobs=303 nmethods=45 adapters=171
 compilation: enabled

Compilation events (10 events):
Event: 0.233 Thread 0x00000184842da800   43       3       sun.nio.cs.UTF_8$Encoder::encode (359 bytes)
Event: 0.235 Thread 0x00000184842da800 nmethod 43 0x00000184ef495110 code [0x00000184ef495300, 0x00000184ef495e20]
Event: 0.235 Thread 0x00000184842da800   40  s    3       sun.misc.URLClassPath::getNextLoader (88 bytes)
Event: 0.235 Thread 0x00000184842da800 nmethod 40 0x00000184ef496490 code [0x00000184ef496660, 0x00000184ef496ed0]
Event: 0.235 Thread 0x00000184842da800   42       3       java.util.ArrayList::get (11 bytes)
Event: 0.236 Thread 0x00000184842da800 nmethod 42 0x00000184ef497350 code [0x00000184ef4974e0, 0x00000184ef497820]
Event: 0.236 Thread 0x00000184842da800   45       3       java.lang.Character::toLowerCase (6 bytes)
Event: 0.236 Thread 0x00000184842da800 nmethod 45 0x00000184ef48e310 code [0x00000184ef48e480, 0x00000184ef48e720]
Event: 0.236 Thread 0x00000184842da800   44       1       java.net.URL::getRef (5 bytes)
Event: 0.236 Thread 0x00000184842da800 nmethod 44 0x00000184ef497a50 code [0x00000184ef497ba0, 0x00000184ef497cb8]

GC Heap History (0 events):
No events

Deoptimization events (0 events):
No events

Classes redefined (0 events):
No events

Internal exceptions (2 events):
Event: 0.065 Thread 0x00000184ed918800 Exception <a 'java/lang/NoSuchMethodError': Method sun.misc.Unsafe.defineClass(Ljava/lang/String;[BII)Ljava/lang/Class; name or signature does not match> (0x00000000d5f87cc0) thrown at [C:\jenkins\workspace\8-2-build-windows-amd64-cygwin\jdk8u333\2551\hot
Event: 0.065 Thread 0x00000184ed918800 Exception <a 'java/lang/NoSuchMethodError': Method sun.misc.Unsafe.prefetchRead(Ljava/lang/Object;J)V name or signature does not match> (0x00000000d5f87fa8) thrown at [C:\jenkins\workspace\8-2-build-windows-amd64-cygwin\jdk8u333\2551\hotspot\src\share\vm\

Events (10 events):
Event: 0.233 loading class sun/net/NetHooks
Event: 0.233 loading class jssc/SerialNativeInterface
Event: 0.233 loading class jssc/SerialNativeInterface done
Event: 0.233 loading class sun/net/NetHooks done
Event: 0.233 loading class java/net/Socket$2
Event: 0.234 loading class java/net/Socket$2 done
Event: 0.234 loading class java/net/SocketInputStream
Event: 0.234 loading class java/net/SocketInputStream done
Event: 0.234 loading class sun/nio/cs/US_ASCII$Decoder
Event: 0.234 loading class sun/nio/cs/US_ASCII$Decoder done


Dynamic libraries:
0x00007ff6ce090000 - 0x00007ff6ce0d7000 	C:\Program Files\Java\jdk1.8.0_333\bin\java.exe
0x00007ffc35f30000 - 0x00007ffc36128000 	C:\Windows\SYSTEM32\ntdll.dll
0x00007ffc35b90000 - 0x00007ffc35c4d000 	C:\Windows\System32\KERNEL32.DLL
0x00007ffc337a0000 - 0x00007ffc33a6e000 	C:\Windows\System32\KERNELBASE.dll
0x00007ffc34130000 - 0x00007ffc341de000 	C:\Windows\System32\ADVAPI32.dll
0x00007ffc34410000 - 0x00007ffc344ae000 	C:\Windows\System32\msvcrt.dll
0x00007ffc34240000 - 0x00007ffc342dc000 	C:\Windows\System32\sechost.dll
0x00007ffc35d30000 - 0x00007ffc35e55000 	C:\Windows\System32\RPCRT4.dll
0x00007ffc34530000 - 0x00007ffc346d0000 	C:\Windows\System32\USER32.dll
0x00007ffc33f30000 - 0x00007ffc33f52000 	C:\Windows\System32\win32u.dll
0x00007ffc34e50000 - 0x00007ffc34e7a000 	C:\Windows\System32\GDI32.dll
0x00007ffc33a70000 - 0x00007ffc33b7b000 	C:\Windows\System32\gdi32full.dll
0x00007ffc33620000 - 0x00007ffc336bd000 	C:\Windows\System32\msvcp_win.dll
0x00007ffc33c60000 - 0x00007ffc33d60000 	C:\Windows\System32\ucrtbase.dll
0x00007ffc26470000 - 0x00007ffc2670a000 	C:\Windows\WinSxS\amd64_microsoft.windows.common-controls_6595b64144ccf1df_6.0.19041.1110_none_60b5254171f9507e\COMCTL32.dll
0x00007ffc35430000 - 0x00007ffc35460000 	C:\Windows\System32\IMM32.DLL
0x00007ffc2e8f0000 - 0x00007ffc2e905000 	C:\Program Files\Java\jdk1.8.0_333\jre\bin\vcruntime140.dll
0x00007ffc1bea0000 - 0x00007ffc1bf3b000 	C:\Program Files\Java\jdk1.8.0_333\jre\bin\msvcp140.dll
0x000000006d1d0000 - 0x000000006da31000 	C:\Program Files\Java\jdk1.8.0_333\jre\bin\server\jvm.dll
0x00007ffc346f0000 - 0x00007ffc346f8000 	C:\Windows\System32\PSAPI.DLL
0x00007ffc1cf30000 - 0x00007ffc1cf57000 	C:\Windows\SYSTEM32\WINMM.dll
0x00007ffc29560000 - 0x00007ffc2956a000 	C:\Windows\SYSTEM32\VERSION.dll
0x00007ffc2e850000 - 0x00007ffc2e859000 	C:\Windows\SYSTEM32\WSOCK32.dll
0x00007ffc35510000 - 0x00007ffc3557b000 	C:\Windows\System32\WS2_32.dll
0x00007ffc31540000 - 0x00007ffc31552000 	C:\Windows\SYSTEM32\kernel.appcore.dll
0x00007ffc2ef40000 - 0x00007ffc2ef50000 	C:\Program Files\Java\jdk1.8.0_333\jre\bin\verify.dll
0x00007ffc2e8a0000 - 0x00007ffc2e8cb000 	C:\Program Files\Java\jdk1.8.0_333\jre\bin\java.dll
0x00007ffc2e870000 - 0x00007ffc2e8a0000 	C:\Program Files\Java\jdk1.8.0_333\jre\bin\instrument.dll
0x00007ffc2c6b0000 - 0x00007ffc2c6c8000 	C:\Program Files\Java\jdk1.8.0_333\jre\bin\zip.dll
0x00007ffc34700000 - 0x00007ffc34e44000 	C:\Windows\System32\SHELL32.dll
0x00007ffc31740000 - 0x00007ffc31ed4000 	C:\Windows\SYSTEM32\windows.storage.dll
0x00007ffc35580000 - 0x00007ffc358d4000 	C:\Windows\System32\combase.dll
0x00007ffc33080000 - 0x00007ffc330b0000 	C:\Windows\SYSTEM32\Wldp.dll
0x00007ffc35460000 - 0x00007ffc3550d000 	C:\Windows\System32\SHCORE.dll
0x00007ffc35e60000 - 0x00007ffc35eb5000 	C:\Windows\System32\shlwapi.dll
0x00007ffc33560000 - 0x00007ffc3357f000 	C:\Windows\SYSTEM32\profapi.dll
0x00007ffc2c690000 - 0x00007ffc2c6aa000 	C:\Program Files\JetBrains\IntelliJ IDEA 2021.3\bin\breakgen64.dll
0x00007ffc26800000 - 0x00007ffc2681c000 	C:\Program Files\Java\jdk1.8.0_333\jre\bin\net.dll
0x00007ffc32de0000 - 0x00007ffc32e4a000 	C:\Windows\system32\mswsock.dll
0x000000006a000000 - 0x000000006a025000 	C:\Users\zhekamir\.jssc\windows\jSSC-2.6_x86_64.dll
0x00007ffc2dea0000 - 0x00007ffc2e084000 	C:\Windows\SYSTEM32\dbghelp.dll
0x00007ffc33b80000 - 0x00007ffc33c02000 	C:\Windows\System32\bcryptPrimitives.dll

VM Arguments:
jvm_args: -javaagent:C:\Program Files\JetBrains\IntelliJ IDEA 2021.3\lib\idea_rt.jar=53215:C:\Program Files\JetBrains\IntelliJ IDEA 2021.3\bin -Dfile.encoding=windows-1251 
java_command: com.company.Main
java_class_path (initial): C:\Program Files\Java\jdk1.8.0_333\jre\lib\charsets.jar;C:\Program Files\Java\jdk1.8.0_333\jre\lib\deploy.jar;C:\Program Files\Java\jdk1.8.0_333\jre\lib\ext\access-bridge-64.jar;C:\Program Files\Java\jdk1.8.0_333\jre\lib\ext\cldrdata.jar;C:\Program Files\Java\jdk1.8.0_333\jre\lib\ext\dnsns.jar;C:\Program Files\Java\jdk1.8.0_333\jre\lib\ext\jaccess.jar;C:\Program Files\Java\jdk1.8.0_333\jre\lib\ext\jfxrt.jar;C:\Program Files\Java\jdk1.8.0_333\jre\lib\ext\localedata.jar;C:\Program Files\Java\jdk1.8.0_333\jre\lib\ext\nashorn.jar;C:\Program Files\Java\jdk1.8.0_333\jre\lib\ext\sunec.jar;C:\Program Files\Java\jdk1.8.0_333\jre\lib\ext\sunjce_provider.jar;C:\Program Files\Java\jdk1.8.0_333\jre\lib\ext\sunmscapi.jar;C:\Program Files\Java\jdk1.8.0_333\jre\lib\ext\sunpkcs11.jar;C:\Program Files\Java\jdk1.8.0_333\jre\lib\ext\zipfs.jar;C:\Program Files\Java\jdk1.8.0_333\jre\lib\javaws.jar;C:\Program Files\Java\jdk1.8.0_333\jre\lib\jce.jar;C:\Program Files\Java\jdk1.8.0_333\jre\lib\jfr.jar;C:\Program Files\Java\jdk1.8.0_333\jre\lib\jfxswt.jar;C:\Program Files\Java\jdk1.8.0_333\jre\lib\jsse.jar;C:\Program Files\Java\jdk1.8.0_333\jre\lib\management-agent.jar;C:\Program Files\Java\jdk1.8.0_333\jre\lib\plugin.jar;C:\Program Files\Java\jdk1.8.0_333\jre\lib\resources.jar;C:\Program Files\Java\jdk1.8.0_333\jre\lib\rt.jar;D:\mertechQRdisplay\out\production\mertechQRdisplay;D:\mertechQRdisplay\lib\jssc.jar;C:\Program Files\JetBrains\IntelliJ IDEA 2021.3\lib\idea_rt.jar
Launcher Type: SUN_STANDARD

Environment Variables:
JAVA_HOME=C:\Program Files\Java\jdk1.8.0_333
PATH=C:\Program Files (x86)\Common Files\Oracle\Java\javapath;C:\Windows\system32;C:\Windows;C:\Windows\System32\Wbem;C:\Windows\System32\WindowsPowerShell\v1.0\;C:\Windows\System32\OpenSSH\;C:\Program Files\Java\jdk1.8.0_333\bin;C:\Program Files\MySQL\MySQL Shell 8.0\bin\;C:\Users\zhekamir\AppData\Local\Microsoft\WindowsApps;;C:\Users\zhekamir\AppData\Local\Programs\Fiddler
USERNAME=zhekamir
OS=Windows_NT
PROCESSOR_IDENTIFIER=Intel64 Family 6 Model 42 Stepping 7, GenuineIntel



---------------  S Y S T E M  ---------------

OS: Windows 10 , 64 bit Build 19041 (10.0.19041.1889)

CPU:total 4 (initial active 4) (2 cores per cpu, 2 threads per core) family 6 model 42 stepping 7, cmov, cx8, fxsr, mmx, sse, sse2, sse3, ssse3, sse4.1, sse4.2, popcnt, avx, clmul, ht, tsc, tscinvbit

Memory: 4k page, physical 8262932k(3124624k free), swap 11277588k(5468592k free)

vm_info: Java HotSpot(TM) 64-Bit Server VM (25.333-b02) for windows-amd64 JRE (1.8.0_333-b02), built on Apr 25 2022 22:49:11 by "java_re" with MS VC++ 15.9 (VS2017)

time: Fri Aug 19 11:36:50 2022
timezone: RTZ 4 (зима)
elapsed time: 0.290653 seconds (0d 0h 0m 0s)

