#
# A fatal error has been detected by the Java Runtime Environment:
#
#  EXCEPTION_ACCESS_VIOLATION (0xc0000005) at pc=0x000000006a00b5bb, pid=4720, tid=0x00000000000008ac
#
# JRE version: Java(TM) SE Runtime Environment (8.0_333-b02) (build 1.8.0_333-b02)
# Java VM: Java HotSpot(TM) 64-Bit Server VM (25.333-b02 mixed mode windows-amd64 compressed oops)
# Problematic frame:
# C  [jSSC-2.6_x86_64.dll+0xb5bb]
#
# Failed to write core dump. Minidumps are not enabled by default on client versions of Windows
#
# If you would like to submit a bug report, please visit:
#   http://bugreport.java.com/bugreport/crash.jsp
# The crash happened outside the Java Virtual Machine in native code.
# See problematic frame for where to report the bug.
#

---------------  T H R E A D  ---------------

Current thread (0x000001c0e2466800):  JavaThread "main" [_thread_in_native, id=2220, stack(0x000000b6cd600000,0x000000b6cd700000)]

siginfo: ExceptionCode=0xc0000005, reading address 0xffffffffe27d19e0

Registers:
RAX=0xffffffffe27d19e0, RBX=0x000000b6cd6feff0, RCX=0x00007ffc35fcd124, RDX=0x0000000000000000
RSP=0x000000b6cd6fef80, RBP=0x000000b6cd6ff100, RSI=0xfffffffffffffffc, RDI=0x00000000000003e4
R8 =0x000000b6cd6fee78, R9 =0x000000b6cd6fef70, R10=0x0000000000000000, R11=0x0000000000000246
R12=0x000000b6cd6ff1b0, R13=0x000001c0e247d140, R14=0x000000b6cd6ff0b0, R15=0x000001c0e2466800
RIP=0x000000006a00b5bb, EFLAGS=0x0000000000010206

Top of Stack: (sp=0x000000b6cd6fef80)
0x000000b6cd6fef80:   000001c0f9890dc0 000001c0e247ce30
0x000000b6cd6fef90:   000000006a00b210 000001c0e2430000
0x000000b6cd6fefa0:   000001c0e23e0000 0000000000000004
0x000000b6cd6fefb0:   fffffffffffffffc 00000000000003e4
0x000000b6cd6fefc0:   000000b6cd6ff100 000000006a012570
0x000000b6cd6fefd0:   000001c0e2466800 000000b6cd6ff0b0
0x000000b6cd6fefe0:   000001c0e247d140 000000b6cd6ff1b0
0x000000b6cd6feff0:   000001c0e247d140 00007ffc35f547b1
0x000000b6cd6ff000:   000000b6cd6ff030 000001c0e2430000
0x000000b6cd6ff010:   000000b6cd6ff100 0000000000000000
0x000000b6cd6ff020:   000000006a0134e0 000000006a013bc8
0x000000b6cd6ff030:   000000b6cd6ff060 000000006a012621
0x000000b6cd6ff040:   000000b6cd6fefd0 000001c0e2466a00
0x000000b6cd6ff050:   0000000000000000 0000000000000000
0x000000b6cd6ff060:   000000b6cd6ff100 000000006a00157c
0x000000b6cd6ff070:   000000000000001c 000001c000000000 

Instructions: (pc=0x000000006a00b5bb)
0x000000006a00b59b:   c5 0f 1f 40 00 55 57 56 53 48 83 ec 28 48 8b 05
0x000000006a00b5ab:   59 33 01 00 48 89 cb 48 85 c0 0f 84 c5 00 00 00
0x000000006a00b5bb:   8b 38 85 ff 0f 88 ab 00 00 00 48 8b 05 3c 33 01
0x000000006a00b5cb:   00 48 85 c0 0f 84 bc 00 00 00 8b 30 85 f6 74 57 


Register to memory mapping:

RAX=0xffffffffe27d19e0 is an unknown value
RBX=0x000000b6cd6feff0 is pointing into the stack for thread: 0x000001c0e2466800
RCX=0x00007ffc35fcd124 is an unknown value
RDX=0x0000000000000000 is an unknown value
RSP=0x000000b6cd6fef80 is pointing into the stack for thread: 0x000001c0e2466800
RBP=0x000000b6cd6ff100 is pointing into the stack for thread: 0x000001c0e2466800
RSI=0xfffffffffffffffc is an unknown value
RDI=0x00000000000003e4 is an unknown value
R8 =0x000000b6cd6fee78 is pointing into the stack for thread: 0x000001c0e2466800
R9 =0x000000b6cd6fef70 is pointing into the stack for thread: 0x000001c0e2466800
R10=0x0000000000000000 is an unknown value
R11=0x0000000000000246 is an unknown value
R12=0x000000b6cd6ff1b0 is pointing into the stack for thread: 0x000001c0e2466800
R13=0x000001c0e247d140 is an unknown value
R14=0x000000b6cd6ff0b0 is pointing into the stack for thread: 0x000001c0e2466800
R15=0x000001c0e2466800 is a thread


Stack: [0x000000b6cd600000,0x000000b6cd700000],  sp=0x000000b6cd6fef80,  free space=1019k
Native frames: (J=compiled Java code, j=interpreted, Vv=VM code, C=native code)
C  [jSSC-2.6_x86_64.dll+0xb5bb]
C  [jSSC-2.6_x86_64.dll+0x12570]
C  [jSSC-2.6_x86_64.dll+0x157c]
C  0x000001c0e3e1a02e

Java frames: (J=compiled Java code, j=interpreted, Vv=VM code)
j  jssc.SerialNativeInterface.openPort(Ljava/lang/String;Z)J+0
j  jssc.SerialPort.openPort()Z+65
j  com.company.Main.sendMertechQrDisplay(Ljava/lang/String;)V+33
j  com.company.Main.main([Ljava/lang/String;)V+2
v  ~StubRoutines::call_stub

---------------  P R O C E S S  ---------------

Java Threads: ( => current thread )
  0x000001c0f9818800 JavaThread "Service Thread" daemon [_thread_blocked, id=11108, stack(0x000000b6ce400000,0x000000b6ce500000)]
  0x000001c0f8ca9800 JavaThread "C1 CompilerThread2" daemon [_thread_blocked, id=12432, stack(0x000000b6ce300000,0x000000b6ce400000)]
  0x000001c0f8c9f000 JavaThread "C2 CompilerThread1" daemon [_thread_blocked, id=11288, stack(0x000000b6ce200000,0x000000b6ce300000)]
  0x000001c0f8c56000 JavaThread "C2 CompilerThread0" daemon [_thread_blocked, id=11380, stack(0x000000b6ce100000,0x000000b6ce200000)]
  0x000001c0f8c54800 JavaThread "Monitor Ctrl-Break" daemon [_thread_in_native, id=4500, stack(0x000000b6ce000000,0x000000b6ce100000)]
  0x000001c0f8bfc000 JavaThread "Attach Listener" daemon [_thread_blocked, id=13036, stack(0x000000b6cdf00000,0x000000b6ce000000)]
  0x000001c0f8c02800 JavaThread "Signal Dispatcher" daemon [_thread_blocked, id=8392, stack(0x000000b6cde00000,0x000000b6cdf00000)]
  0x000001c0f84ab000 JavaThread "Finalizer" daemon [_thread_blocked, id=11468, stack(0x000000b6cdd00000,0x000000b6cde00000)]
  0x000001c0f8bd6000 JavaThread "Reference Handler" daemon [_thread_blocked, id=11112, stack(0x000000b6cdc00000,0x000000b6cdd00000)]
=>0x000001c0e2466800 JavaThread "main" [_thread_in_native, id=2220, stack(0x000000b6cd600000,0x000000b6cd700000)]

Other Threads:
  0x000001c0f8bb5800 VMThread [stack: 0x000000b6cdb00000,0x000000b6cdc00000] [id=12876]
  0x000001c0f985b800 WatcherThread [stack: 0x000000b6ce500000,0x000000b6ce600000] [id=10984]

VM state:not at safepoint (normal execution)

VM Mutex/Monitor currently owned by a thread: None

heap address: 0x0000000081e00000, size: 2018 MB, Compressed Oops mode: 32-bit
Narrow klass base: 0x0000000000000000, Narrow klass shift: 3
Compressed class space size: 1073741824 Address: 0x0000000100000000

Heap:
 PSYoungGen      total 38400K, used 2662K [0x00000000d5f80000, 0x00000000d8a00000, 0x0000000100000000)
  eden space 33280K, 8% used [0x00000000d5f80000,0x00000000d62199f8,0x00000000d8000000)
  from space 5120K, 0% used [0x00000000d8500000,0x00000000d8500000,0x00000000d8a00000)
  to   space 5120K, 0% used [0x00000000d8000000,0x00000000d8000000,0x00000000d8500000)
 ParOldGen       total 87552K, used 0K [0x0000000081e00000, 0x0000000087380000, 0x00000000d5f80000)
  object space 87552K, 0% used [0x0000000081e00000,0x0000000081e00000,0x0000000087380000)
 Metaspace       used 3291K, capacity 4600K, committed 4864K, reserved 1056768K
  class space    used 362K, capacity 424K, committed 512K, reserved 1048576K

Card table byte_map: [0x000001c0f31c0000,0x000001c0f35c0000] byte_map_base: 0x000001c0f2db1000

Marking Bits: (ParMarkBitMap*) 0x000000006d9b9030
 Begin Bits: [0x000001c0f3870000, 0x000001c0f57f8000)
 End Bits:   [0x000001c0f57f8000, 0x000001c0f7780000)

Polling page: 0x000001c0e27b0000

CodeCache: size=245760Kb used=1180Kb max_used=1180Kb free=244579Kb
 bounds [0x000001c0e3e00000, 0x000001c0e4070000, 0x000001c0f2e00000]
 total_blobs=304 nmethods=46 adapters=171
 compilation: enabled

Compilation events (10 events):
Event: 0.288 Thread 0x000001c0f8ca9800   44       3       sun.nio.cs.UTF_8$Encoder::encode (359 bytes)
Event: 0.289 Thread 0x000001c0f8ca9800 nmethod 44 0x000001c0e3f1fa50 code [0x000001c0e3f1fc40, 0x000001c0e3f20760]
Event: 0.289 Thread 0x000001c0f8ca9800   41  s    3       sun.misc.URLClassPath::getNextLoader (88 bytes)
Event: 0.290 Thread 0x000001c0f8ca9800 nmethod 41 0x000001c0e3f1eb90 code [0x000001c0e3f1ed60, 0x000001c0e3f1f5d0]
Event: 0.290 Thread 0x000001c0f8ca9800   46       3       java.lang.Character::toLowerCase (6 bytes)
Event: 0.290 Thread 0x000001c0f8ca9800 nmethod 46 0x000001c0e3f26c50 code [0x000001c0e3f26dc0, 0x000001c0e3f27060]
Event: 0.290 Thread 0x000001c0f8ca9800   45       1       java.net.URL::getRef (5 bytes)
Event: 0.290 Thread 0x000001c0f8ca9800 nmethod 45 0x000001c0e3f27190 code [0x000001c0e3f272e0, 0x000001c0e3f273f8]
Event: 0.290 Thread 0x000001c0f8ca9800   43       3       java.nio.Buffer::position (38 bytes)
Event: 0.291 Thread 0x000001c0f8ca9800 nmethod 43 0x000001c0e3f27690 code [0x000001c0e3f27800, 0x000001c0e3f27a50]

GC Heap History (0 events):
No events

Deoptimization events (0 events):
No events

Classes redefined (0 events):
No events

Internal exceptions (2 events):
Event: 0.114 Thread 0x000001c0e2466800 Exception <a 'java/lang/NoSuchMethodError': Method sun.misc.Unsafe.defineClass(Ljava/lang/String;[BII)Ljava/lang/Class; name or signature does not match> (0x00000000d5f87cc0) thrown at [C:\jenkins\workspace\8-2-build-windows-amd64-cygwin\jdk8u333\2551\hot
Event: 0.115 Thread 0x000001c0e2466800 Exception <a 'java/lang/NoSuchMethodError': Method sun.misc.Unsafe.prefetchRead(Ljava/lang/Object;J)V name or signature does not match> (0x00000000d5f87fa8) thrown at [C:\jenkins\workspace\8-2-build-windows-amd64-cygwin\jdk8u333\2551\hotspot\src\share\vm\

Events (10 events):
Event: 0.284 loading class sun/nio/cs/US_ASCII$Decoder
Event: 0.284 loading class jssc/SerialPort$EventThread
Event: 0.284 loading class jssc/SerialPort$EventThread done
Event: 0.284 loading class sun/nio/cs/US_ASCII$Decoder done
Event: 0.285 loading class jssc/SerialPort$LinuxEventThread
Event: 0.285 loading class jssc/SerialPort$LinuxEventThread done
Event: 0.287 loading class jssc/SerialPortTimeoutException
Event: 0.287 loading class jssc/SerialPortTimeoutException done
Event: 0.289 loading class jssc/SerialNativeInterface
Event: 0.289 loading class jssc/SerialNativeInterface done


Dynamic libraries:
0x00007ff6ce090000 - 0x00007ff6ce0d7000 	C:\Program Files\Java\jdk1.8.0_333\bin\java.exe
0x00007ffc35f30000 - 0x00007ffc36128000 	C:\Windows\SYSTEM32\ntdll.dll
0x00007ffc35b90000 - 0x00007ffc35c4d000 	C:\Windows\System32\KERNEL32.DLL
0x00007ffc337a0000 - 0x00007ffc33a6e000 	C:\Windows\System32\KERNELBASE.dll
0x00007ffc34130000 - 0x00007ffc341de000 	C:\Windows\System32\ADVAPI32.dll
0x00007ffc34410000 - 0x00007ffc344ae000 	C:\Windows\System32\msvcrt.dll
0x00007ffc34240000 - 0x00007ffc342dc000 	C:\Windows\System32\sechost.dll
0x00007ffc35d30000 - 0x00007ffc35e55000 	C:\Windows\System32\RPCRT4.dll
0x00007ffc34530000 - 0x00007ffc346d0000 	C:\Windows\System32\USER32.dll
0x00007ffc33f30000 - 0x00007ffc33f52000 	C:\Windows\System32\win32u.dll
0x00007ffc34e50000 - 0x00007ffc34e7a000 	C:\Windows\System32\GDI32.dll
0x00007ffc33a70000 - 0x00007ffc33b7b000 	C:\Windows\System32\gdi32full.dll
0x00007ffc33620000 - 0x00007ffc336bd000 	C:\Windows\System32\msvcp_win.dll
0x00007ffc33c60000 - 0x00007ffc33d60000 	C:\Windows\System32\ucrtbase.dll
0x00007ffc26470000 - 0x00007ffc2670a000 	C:\Windows\WinSxS\amd64_microsoft.windows.common-controls_6595b64144ccf1df_6.0.19041.1110_none_60b5254171f9507e\COMCTL32.dll
0x00007ffc35430000 - 0x00007ffc35460000 	C:\Windows\System32\IMM32.DLL
0x00007ffc2e8f0000 - 0x00007ffc2e905000 	C:\Program Files\Java\jdk1.8.0_333\jre\bin\vcruntime140.dll
0x00007ffc1bea0000 - 0x00007ffc1bf3b000 	C:\Program Files\Java\jdk1.8.0_333\jre\bin\msvcp140.dll
0x000000006d1d0000 - 0x000000006da31000 	C:\Program Files\Java\jdk1.8.0_333\jre\bin\server\jvm.dll
0x00007ffc346f0000 - 0x00007ffc346f8000 	C:\Windows\System32\PSAPI.DLL
0x00007ffc2e850000 - 0x00007ffc2e859000 	C:\Windows\SYSTEM32\WSOCK32.dll
0x00007ffc35510000 - 0x00007ffc3557b000 	C:\Windows\System32\WS2_32.dll
0x00007ffc1cf30000 - 0x00007ffc1cf57000 	C:\Windows\SYSTEM32\WINMM.dll
0x00007ffc29560000 - 0x00007ffc2956a000 	C:\Windows\SYSTEM32\VERSION.dll
0x00007ffc31540000 - 0x00007ffc31552000 	C:\Windows\SYSTEM32\kernel.appcore.dll
0x00007ffc2ef40000 - 0x00007ffc2ef50000 	C:\Program Files\Java\jdk1.8.0_333\jre\bin\verify.dll
0x00007ffc2e8b0000 - 0x00007ffc2e8db000 	C:\Program Files\Java\jdk1.8.0_333\jre\bin\java.dll
0x00007ffc2e880000 - 0x00007ffc2e8b0000 	C:\Program Files\Java\jdk1.8.0_333\jre\bin\instrument.dll
0x00007ffc2e860000 - 0x00007ffc2e878000 	C:\Program Files\Java\jdk1.8.0_333\jre\bin\zip.dll
0x00007ffc34700000 - 0x00007ffc34e44000 	C:\Windows\System32\SHELL32.dll
0x00007ffc31740000 - 0x00007ffc31ed4000 	C:\Windows\SYSTEM32\windows.storage.dll
0x00007ffc35580000 - 0x00007ffc358d4000 	C:\Windows\System32\combase.dll
0x00007ffc33080000 - 0x00007ffc330b0000 	C:\Windows\SYSTEM32\Wldp.dll
0x00007ffc35460000 - 0x00007ffc3550d000 	C:\Windows\System32\SHCORE.dll
0x00007ffc35e60000 - 0x00007ffc35eb5000 	C:\Windows\System32\shlwapi.dll
0x00007ffc33560000 - 0x00007ffc3357f000 	C:\Windows\SYSTEM32\profapi.dll
0x00007ffc2c6b0000 - 0x00007ffc2c6ca000 	C:\Program Files\JetBrains\IntelliJ IDEA 2021.3\bin\breakgen64.dll
0x00007ffc2c690000 - 0x00007ffc2c6ac000 	C:\Program Files\Java\jdk1.8.0_333\jre\bin\net.dll
0x00007ffc32de0000 - 0x00007ffc32e4a000 	C:\Windows\system32\mswsock.dll
0x000000006a000000 - 0x000000006a025000 	C:\Users\zhekamir\.jssc\windows\jSSC-2.6_x86_64.dll
0x00007ffc2dea0000 - 0x00007ffc2e084000 	C:\Windows\SYSTEM32\dbghelp.dll
0x00007ffc33b80000 - 0x00007ffc33c02000 	C:\Windows\System32\bcryptPrimitives.dll

VM Arguments:
jvm_args: -javaagent:C:\Program Files\JetBrains\IntelliJ IDEA 2021.3\lib\idea_rt.jar=53562:C:\Program Files\JetBrains\IntelliJ IDEA 2021.3\bin -Dfile.encoding=windows-1251 
java_command: com.company.Main
java_class_path (initial): C:\Program Files\Java\jdk1.8.0_333\jre\lib\charsets.jar;C:\Program Files\Java\jdk1.8.0_333\jre\lib\deploy.jar;C:\Program Files\Java\jdk1.8.0_333\jre\lib\ext\access-bridge-64.jar;C:\Program Files\Java\jdk1.8.0_333\jre\lib\ext\cldrdata.jar;C:\Program Files\Java\jdk1.8.0_333\jre\lib\ext\dnsns.jar;C:\Program Files\Java\jdk1.8.0_333\jre\lib\ext\jaccess.jar;C:\Program Files\Java\jdk1.8.0_333\jre\lib\ext\jfxrt.jar;C:\Program Files\Java\jdk1.8.0_333\jre\lib\ext\localedata.jar;C:\Program Files\Java\jdk1.8.0_333\jre\lib\ext\nashorn.jar;C:\Program Files\Java\jdk1.8.0_333\jre\lib\ext\sunec.jar;C:\Program Files\Java\jdk1.8.0_333\jre\lib\ext\sunjce_provider.jar;C:\Program Files\Java\jdk1.8.0_333\jre\lib\ext\sunmscapi.jar;C:\Program Files\Java\jdk1.8.0_333\jre\lib\ext\sunpkcs11.jar;C:\Program Files\Java\jdk1.8.0_333\jre\lib\ext\zipfs.jar;C:\Program Files\Java\jdk1.8.0_333\jre\lib\javaws.jar;C:\Program Files\Java\jdk1.8.0_333\jre\lib\jce.jar;C:\Program Files\Java\jdk1.8.0_333\jre\lib\jfr.jar;C:\Program Files\Java\jdk1.8.0_333\jre\lib\jfxswt.jar;C:\Program Files\Java\jdk1.8.0_333\jre\lib\jsse.jar;C:\Program Files\Java\jdk1.8.0_333\jre\lib\management-agent.jar;C:\Program Files\Java\jdk1.8.0_333\jre\lib\plugin.jar;C:\Program Files\Java\jdk1.8.0_333\jre\lib\resources.jar;C:\Program Files\Java\jdk1.8.0_333\jre\lib\rt.jar;D:\mertechQRdisplay\out\production\mertechQRdisplay;D:\mertechQRdisplay\lib\jssc.jar;C:\Program Files\JetBrains\IntelliJ IDEA 2021.3\lib\idea_rt.jar
Launcher Type: SUN_STANDARD

Environment Variables:
JAVA_HOME=C:\Program Files\Java\jdk1.8.0_333
PATH=C:\Program Files (x86)\Common Files\Oracle\Java\javapath;C:\Windows\system32;C:\Windows;C:\Windows\System32\Wbem;C:\Windows\System32\WindowsPowerShell\v1.0\;C:\Windows\System32\OpenSSH\;C:\Program Files\Java\jdk1.8.0_333\bin;C:\Program Files\MySQL\MySQL Shell 8.0\bin\;C:\Users\zhekamir\AppData\Local\Microsoft\WindowsApps;;C:\Users\zhekamir\AppData\Local\Programs\Fiddler
USERNAME=zhekamir
OS=Windows_NT
PROCESSOR_IDENTIFIER=Intel64 Family 6 Model 42 Stepping 7, GenuineIntel



---------------  S Y S T E M  ---------------

OS: Windows 10 , 64 bit Build 19041 (10.0.19041.1889)

CPU:total 4 (initial active 4) (2 cores per cpu, 2 threads per core) family 6 model 42 stepping 7, cmov, cx8, fxsr, mmx, sse, sse2, sse3, ssse3, sse4.1, sse4.2, popcnt, avx, clmul, ht, tsc, tscinvbit

Memory: 4k page, physical 8262932k(2978280k free), swap 11277588k(5199716k free)

vm_info: Java HotSpot(TM) 64-Bit Server VM (25.333-b02) for windows-amd64 JRE (1.8.0_333-b02), built on Apr 25 2022 22:49:11 by "java_re" with MS VC++ 15.9 (VS2017)

time: Fri Aug 19 11:40:36 2022
timezone: RTZ 4 (зима)
elapsed time: 0.320554 seconds (0d 0h 0m 0s)

