#
# A fatal error has been detected by the Java Runtime Environment:
#
#  EXCEPTION_ACCESS_VIOLATION (0xc0000005) at pc=0x000000006a00b5bb, pid=11532, tid=0x000000000000104c
#
# JRE version: Java(TM) SE Runtime Environment (8.0_333-b02) (build 1.8.0_333-b02)
# Java VM: Java HotSpot(TM) 64-Bit Server VM (25.333-b02 mixed mode windows-amd64 compressed oops)
# Problematic frame:
# C  [jSSC-2.6_x86_64.dll+0xb5bb]
#
# Failed to write core dump. Minidumps are not enabled by default on client versions of Windows
#
# If you would like to submit a bug report, please visit:
#   http://bugreport.java.com/bugreport/crash.jsp
# The crash happened outside the Java Virtual Machine in native code.
# See problematic frame for where to report the bug.
#

---------------  T H R E A D  ---------------

Current thread (0x000002c782b95800):  JavaThread "main" [_thread_in_native, id=4172, stack(0x000000d445b00000,0x000000d445c00000)]

siginfo: ExceptionCode=0xc0000005, reading address 0xffffffff82db1ae7

Registers:
RAX=0xffffffff82db1ae7, RBX=0x000000d445bfef60, RCX=0x00007ffb6978d124, RDX=0x0000000000000000
RSP=0x000000d445bfeef0, RBP=0x000000d445bff070, RSI=0xfffffffffffffffc, RDI=0x0000000000000410
R8 =0x000000d445bfede8, R9 =0x000000d445bfeee0, R10=0x0000000000000000, R11=0x0000000000000246
R12=0x000000d445bff128, R13=0x000002c782bac3d0, R14=0x000000d445bff020, R15=0x000002c782b95800
RIP=0x000000006a00b5bb, EFLAGS=0x0000000000010202

Top of Stack: (sp=0x000000d445bfeef0)
0x000000d445bfeef0:   000002c799fdd7e0 000002c782bac100
0x000000d445bfef00:   000000006a00b210 000002c782b60000
0x000000d445bfef10:   000002c782d30000 0000000000000004
0x000000d445bfef20:   fffffffffffffffc 0000000000000410
0x000000d445bfef30:   000000d445bff070 000000006a012570
0x000000d445bfef40:   000002c782b95800 000000d445bff020
0x000000d445bfef50:   000002c782bac3d0 000000d445bff128
0x000000d445bfef60:   000002c782bac3d0 00007ffb697147b1
0x000000d445bfef70:   000000d445bfefa0 000002c782b60000
0x000000d445bfef80:   000000d445bff070 0000000000000000
0x000000d445bfef90:   000000006a0134e0 000000006a013bc8
0x000000d445bfefa0:   000000d445bfefd0 000000006a012621
0x000000d445bfefb0:   000000d445bfef40 000002c782b95a00
0x000000d445bfefc0:   0000000000000000 0000000000000000
0x000000d445bfefd0:   000000d445bff070 000000006a00157c
0x000000d445bfefe0:   000000000000001c 000002c700000000 

Instructions: (pc=0x000000006a00b5bb)
0x000000006a00b59b:   c5 0f 1f 40 00 55 57 56 53 48 83 ec 28 48 8b 05
0x000000006a00b5ab:   59 33 01 00 48 89 cb 48 85 c0 0f 84 c5 00 00 00
0x000000006a00b5bb:   8b 38 85 ff 0f 88 ab 00 00 00 48 8b 05 3c 33 01
0x000000006a00b5cb:   00 48 85 c0 0f 84 bc 00 00 00 8b 30 85 f6 74 57 


Register to memory mapping:

RAX=0xffffffff82db1ae7 is an unknown value
RBX=0x000000d445bfef60 is pointing into the stack for thread: 0x000002c782b95800
RCX=0x00007ffb6978d124 is an unknown value
RDX=0x0000000000000000 is an unknown value
RSP=0x000000d445bfeef0 is pointing into the stack for thread: 0x000002c782b95800
RBP=0x000000d445bff070 is pointing into the stack for thread: 0x000002c782b95800
RSI=0xfffffffffffffffc is an unknown value
RDI=0x0000000000000410 is an unknown value
R8 =0x000000d445bfede8 is pointing into the stack for thread: 0x000002c782b95800
R9 =0x000000d445bfeee0 is pointing into the stack for thread: 0x000002c782b95800
R10=0x0000000000000000 is an unknown value
R11=0x0000000000000246 is an unknown value
R12=0x000000d445bff128 is pointing into the stack for thread: 0x000002c782b95800
R13=0x000002c782bac3d0 is an unknown value
R14=0x000000d445bff020 is pointing into the stack for thread: 0x000002c782b95800
R15=0x000002c782b95800 is a thread


Stack: [0x000000d445b00000,0x000000d445c00000],  sp=0x000000d445bfeef0,  free space=1019k
Native frames: (J=compiled Java code, j=interpreted, Vv=VM code, C=native code)
C  [jSSC-2.6_x86_64.dll+0xb5bb]
C  [jSSC-2.6_x86_64.dll+0x12570]
C  [jSSC-2.6_x86_64.dll+0x157c]
C  0x000002c78458a02e

Java frames: (J=compiled Java code, j=interpreted, Vv=VM code)
j  jssc.SerialNativeInterface.openPort(Ljava/lang/String;Z)J+0
j  jssc.SerialPort.openPort()Z+65
j  com.company.Main.sendMertechQrDisplay(Ljava/lang/String;)V+84
j  com.company.Main.main([Ljava/lang/String;)V+2
v  ~StubRoutines::call_stub

---------------  P R O C E S S  ---------------

Java Threads: ( => current thread )
  0x000002c799fc1800 JavaThread "Service Thread" daemon [_thread_blocked, id=13708, stack(0x000000d446900000,0x000000d446a00000)]
  0x000002c79946d000 JavaThread "C1 CompilerThread2" daemon [_thread_blocked, id=7552, stack(0x000000d446800000,0x000000d446900000)]
  0x000002c79940c000 JavaThread "C2 CompilerThread1" daemon [_thread_blocked, id=4064, stack(0x000000d446700000,0x000000d446800000)]
  0x000002c7993c3800 JavaThread "C2 CompilerThread0" daemon [_thread_blocked, id=4044, stack(0x000000d446600000,0x000000d446700000)]
  0x000002c7993c2000 JavaThread "Monitor Ctrl-Break" daemon [_thread_in_native, id=6396, stack(0x000000d446500000,0x000000d446600000)]
  0x000002c79936b800 JavaThread "Attach Listener" daemon [_thread_blocked, id=14728, stack(0x000000d446400000,0x000000d446500000)]
  0x000002c799369800 JavaThread "Signal Dispatcher" daemon [_thread_blocked, id=11916, stack(0x000000d446300000,0x000000d446400000)]
  0x000002c798c18000 JavaThread "Finalizer" daemon [_thread_blocked, id=12708, stack(0x000000d446200000,0x000000d446300000)]
  0x000002c799346000 JavaThread "Reference Handler" daemon [_thread_blocked, id=5780, stack(0x000000d446100000,0x000000d446200000)]
=>0x000002c782b95800 JavaThread "main" [_thread_in_native, id=4172, stack(0x000000d445b00000,0x000000d445c00000)]

Other Threads:
  0x000002c799323800 VMThread [stack: 0x000000d446000000,0x000000d446100000] [id=9596]
  0x000002c799fc7800 WatcherThread [stack: 0x000000d446a00000,0x000000d446b00000] [id=10316]

VM state:not at safepoint (normal execution)

VM Mutex/Monitor currently owned by a thread: None

heap address: 0x0000000081e00000, size: 2018 MB, Compressed Oops mode: 32-bit
Narrow klass base: 0x0000000000000000, Narrow klass shift: 3
Compressed class space size: 1073741824 Address: 0x0000000100000000

Heap:
 PSYoungGen      total 38400K, used 2662K [0x00000000d5f80000, 0x00000000d8a00000, 0x0000000100000000)
  eden space 33280K, 8% used [0x00000000d5f80000,0x00000000d62199f8,0x00000000d8000000)
  from space 5120K, 0% used [0x00000000d8500000,0x00000000d8500000,0x00000000d8a00000)
  to   space 5120K, 0% used [0x00000000d8000000,0x00000000d8000000,0x00000000d8500000)
 ParOldGen       total 87552K, used 0K [0x0000000081e00000, 0x0000000087380000, 0x00000000d5f80000)
  object space 87552K, 0% used [0x0000000081e00000,0x0000000081e00000,0x0000000087380000)
 Metaspace       used 3296K, capacity 4600K, committed 4864K, reserved 1056768K
  class space    used 363K, capacity 424K, committed 512K, reserved 1048576K

Card table byte_map: [0x000002c793930000,0x000002c793d30000] byte_map_base: 0x000002c793521000

Marking Bits: (ParMarkBitMap*) 0x0000000057c49030
 Begin Bits: [0x000002c793fe0000, 0x000002c795f68000)
 End Bits:   [0x000002c795f68000, 0x000002c797ef0000)

Polling page: 0x000002c782d90000

CodeCache: size=245760Kb used=1196Kb max_used=1196Kb free=244563Kb
 bounds [0x000002c784570000, 0x000002c7847e0000, 0x000002c793570000]
 total_blobs=317 nmethods=59 adapters=171
 compilation: enabled

Compilation events (10 events):
Event: 0.348 Thread 0x000002c79946d000   57       3       sun.nio.cs.UTF_8$Encoder::encode (359 bytes)
Event: 0.349 Thread 0x000002c79946d000 nmethod 57 0x000002c7846984d0 code [0x000002c7846986c0, 0x000002c7846991e0]
Event: 0.349 Thread 0x000002c79946d000   59       3       java.lang.Character::toLowerCase (6 bytes)
Event: 0.349 Thread 0x000002c79946d000 nmethod 59 0x000002c784699850 code [0x000002c7846999c0, 0x000002c784699c60]
Event: 0.349 Thread 0x000002c79946d000   54  s    3       sun.misc.URLClassPath::getNextLoader (88 bytes)
Event: 0.350 Thread 0x000002c79946d000 nmethod 54 0x000002c784699fd0 code [0x000002c78469a1a0, 0x000002c78469aa10]
Event: 0.350 Thread 0x000002c79946d000   56       3       java.util.ArrayList::get (11 bytes)
Event: 0.350 Thread 0x000002c79946d000 nmethod 56 0x000002c78469ae90 code [0x000002c78469b020, 0x000002c78469b360]
Event: 0.350 Thread 0x000002c79946d000   58       1       java.net.URL::getRef (5 bytes)
Event: 0.350 Thread 0x000002c79946d000 nmethod 58 0x000002c78469b590 code [0x000002c78469b6e0, 0x000002c78469b7f8]

GC Heap History (0 events):
No events

Deoptimization events (0 events):
No events

Classes redefined (0 events):
No events

Internal exceptions (2 events):
Event: 0.108 Thread 0x000002c782b95800 Exception <a 'java/lang/NoSuchMethodError': Method sun.misc.Unsafe.defineClass(Ljava/lang/String;[BII)Ljava/lang/Class; name or signature does not match> (0x00000000d5f87cc0) thrown at [C:\jenkins\workspace\8-2-build-windows-amd64-cygwin\jdk8u333\2551\hot
Event: 0.108 Thread 0x000002c782b95800 Exception <a 'java/lang/NoSuchMethodError': Method sun.misc.Unsafe.prefetchRead(Ljava/lang/Object;J)V name or signature does not match> (0x00000000d5f87fa8) thrown at [C:\jenkins\workspace\8-2-build-windows-amd64-cygwin\jdk8u333\2551\hotspot\src\share\vm\

Events (10 events):
Event: 0.343 loading class java/lang/SecurityException
Event: 0.343 loading class java/lang/SecurityException done
Event: 0.344 loading class jssc/SerialPortTimeoutException
Event: 0.344 loading class jssc/SerialPortTimeoutException done
Event: 0.345 loading class jssc/SerialPort$EventThread
Event: 0.345 loading class jssc/SerialPort$EventThread done
Event: 0.346 loading class jssc/SerialPort$LinuxEventThread
Event: 0.346 loading class jssc/SerialPort$LinuxEventThread done
Event: 0.347 loading class jssc/SerialNativeInterface
Event: 0.347 loading class jssc/SerialNativeInterface done


Dynamic libraries:
0x00007ff6b7eb0000 - 0x00007ff6b7ef7000 	C:\Program Files\Java\jdk1.8.0_333\bin\java.exe
0x00007ffb696f0000 - 0x00007ffb698e8000 	C:\Windows\SYSTEM32\ntdll.dll
0x00007ffb68270000 - 0x00007ffb6832d000 	C:\Windows\System32\KERNEL32.DLL
0x00007ffb673c0000 - 0x00007ffb6768e000 	C:\Windows\System32\KERNELBASE.dll
0x00007ffb67a90000 - 0x00007ffb67b3e000 	C:\Windows\System32\ADVAPI32.dll
0x00007ffb67b40000 - 0x00007ffb67bde000 	C:\Windows\System32\msvcrt.dll
0x00007ffb68d50000 - 0x00007ffb68dec000 	C:\Windows\System32\sechost.dll
0x00007ffb68330000 - 0x00007ffb68455000 	C:\Windows\System32\RPCRT4.dll
0x00007ffb68460000 - 0x00007ffb68600000 	C:\Windows\System32\USER32.dll
0x00007ffb67140000 - 0x00007ffb67162000 	C:\Windows\System32\win32u.dll
0x00007ffb68e50000 - 0x00007ffb68e7a000 	C:\Windows\System32\GDI32.dll
0x00007ffb672b0000 - 0x00007ffb673bb000 	C:\Windows\System32\gdi32full.dll
0x00007ffb67210000 - 0x00007ffb672ad000 	C:\Windows\System32\msvcp_win.dll
0x00007ffb66ee0000 - 0x00007ffb66fe0000 	C:\Windows\System32\ucrtbase.dll
0x00007ffb518f0000 - 0x00007ffb51b8a000 	C:\Windows\WinSxS\amd64_microsoft.windows.common-controls_6595b64144ccf1df_6.0.19041.1110_none_60b5254171f9507e\COMCTL32.dll
0x00007ffb678a0000 - 0x00007ffb678d0000 	C:\Windows\System32\IMM32.DLL
0x00007ffb642f0000 - 0x00007ffb64305000 	C:\Program Files\Java\jdk1.8.0_333\jre\bin\vcruntime140.dll
0x00007ffb415c0000 - 0x00007ffb4165b000 	C:\Program Files\Java\jdk1.8.0_333\jre\bin\msvcp140.dll
0x0000000057460000 - 0x0000000057cc1000 	C:\Program Files\Java\jdk1.8.0_333\jre\bin\server\jvm.dll
0x00007ffb68670000 - 0x00007ffb68678000 	C:\Windows\System32\PSAPI.DLL
0x00007ffb5b080000 - 0x00007ffb5b089000 	C:\Windows\SYSTEM32\WSOCK32.dll
0x00007ffb68600000 - 0x00007ffb6866b000 	C:\Windows\System32\WS2_32.dll
0x00007ffb4f4d0000 - 0x00007ffb4f4f7000 	C:\Windows\SYSTEM32\WINMM.dll
0x00007ffb5b2c0000 - 0x00007ffb5b2ca000 	C:\Windows\SYSTEM32\VERSION.dll
0x00007ffb64d00000 - 0x00007ffb64d12000 	C:\Windows\SYSTEM32\kernel.appcore.dll
0x00007ffb64370000 - 0x00007ffb64380000 	C:\Program Files\Java\jdk1.8.0_333\jre\bin\verify.dll
0x00007ffb56440000 - 0x00007ffb5646b000 	C:\Program Files\Java\jdk1.8.0_333\jre\bin\java.dll
0x00007ffb563a0000 - 0x00007ffb563d0000 	C:\Program Files\Java\jdk1.8.0_333\jre\bin\instrument.dll
0x00007ffb56420000 - 0x00007ffb56438000 	C:\Program Files\Java\jdk1.8.0_333\jre\bin\zip.dll
0x00007ffb68e80000 - 0x00007ffb695c4000 	C:\Windows\System32\SHELL32.dll
0x00007ffb64f00000 - 0x00007ffb65694000 	C:\Windows\SYSTEM32\windows.storage.dll
0x00007ffb67eb0000 - 0x00007ffb68204000 	C:\Windows\System32\combase.dll
0x00007ffb66840000 - 0x00007ffb66870000 	C:\Windows\SYSTEM32\Wldp.dll
0x00007ffb695d0000 - 0x00007ffb6967d000 	C:\Windows\System32\SHCORE.dll
0x00007ffb68210000 - 0x00007ffb68265000 	C:\Windows\System32\shlwapi.dll
0x00007ffb66d20000 - 0x00007ffb66d3f000 	C:\Windows\SYSTEM32\profapi.dll
0x00007ffb46b30000 - 0x00007ffb46b4a000 	C:\Program Files\JetBrains\IntelliJ IDEA 2021.3\bin\breakgen64.dll
0x00007ffb54850000 - 0x00007ffb5486c000 	C:\Program Files\Java\jdk1.8.0_333\jre\bin\net.dll
0x00007ffb66530000 - 0x00007ffb6659a000 	C:\Windows\system32\mswsock.dll
0x000000006a000000 - 0x000000006a025000 	C:\Users\zhekamir\.jssc\windows\jSSC-2.6_x86_64.dll
0x00007ffb5b970000 - 0x00007ffb5bb54000 	C:\Windows\SYSTEM32\dbghelp.dll
0x00007ffb67690000 - 0x00007ffb67712000 	C:\Windows\System32\bcryptPrimitives.dll

VM Arguments:
jvm_args: -javaagent:C:\Program Files\JetBrains\IntelliJ IDEA 2021.3\lib\idea_rt.jar=53034:C:\Program Files\JetBrains\IntelliJ IDEA 2021.3\bin -Dfile.encoding=windows-1251 
java_command: com.company.Main
java_class_path (initial): C:\Program Files\Java\jdk1.8.0_333\jre\lib\charsets.jar;C:\Program Files\Java\jdk1.8.0_333\jre\lib\deploy.jar;C:\Program Files\Java\jdk1.8.0_333\jre\lib\ext\access-bridge-64.jar;C:\Program Files\Java\jdk1.8.0_333\jre\lib\ext\cldrdata.jar;C:\Program Files\Java\jdk1.8.0_333\jre\lib\ext\dnsns.jar;C:\Program Files\Java\jdk1.8.0_333\jre\lib\ext\jaccess.jar;C:\Program Files\Java\jdk1.8.0_333\jre\lib\ext\jfxrt.jar;C:\Program Files\Java\jdk1.8.0_333\jre\lib\ext\localedata.jar;C:\Program Files\Java\jdk1.8.0_333\jre\lib\ext\nashorn.jar;C:\Program Files\Java\jdk1.8.0_333\jre\lib\ext\sunec.jar;C:\Program Files\Java\jdk1.8.0_333\jre\lib\ext\sunjce_provider.jar;C:\Program Files\Java\jdk1.8.0_333\jre\lib\ext\sunmscapi.jar;C:\Program Files\Java\jdk1.8.0_333\jre\lib\ext\sunpkcs11.jar;C:\Program Files\Java\jdk1.8.0_333\jre\lib\ext\zipfs.jar;C:\Program Files\Java\jdk1.8.0_333\jre\lib\javaws.jar;C:\Program Files\Java\jdk1.8.0_333\jre\lib\jce.jar;C:\Program Files\Java\jdk1.8.0_333\jre\lib\jfr.jar;C:\Program Files\Java\jdk1.8.0_333\jre\lib\jfxswt.jar;C:\Program Files\Java\jdk1.8.0_333\jre\lib\jsse.jar;C:\Program Files\Java\jdk1.8.0_333\jre\lib\management-agent.jar;C:\Program Files\Java\jdk1.8.0_333\jre\lib\plugin.jar;C:\Program Files\Java\jdk1.8.0_333\jre\lib\resources.jar;C:\Program Files\Java\jdk1.8.0_333\jre\lib\rt.jar;D:\mertechQRdisplay\out\production\mertechQRdisplay;D:\mertechQRdisplay\lib\jssc.jar;C:\Program Files\JetBrains\IntelliJ IDEA 2021.3\lib\idea_rt.jar
Launcher Type: SUN_STANDARD

Environment Variables:
JAVA_HOME=C:\Program Files\Java\jdk1.8.0_333
PATH=C:\Program Files (x86)\Common Files\Oracle\Java\javapath;C:\Windows\system32;C:\Windows;C:\Windows\System32\Wbem;C:\Windows\System32\WindowsPowerShell\v1.0\;C:\Windows\System32\OpenSSH\;C:\Program Files\Java\jdk1.8.0_333\bin;C:\Program Files\MySQL\MySQL Shell 8.0\bin\;C:\Users\zhekamir\AppData\Local\Microsoft\WindowsApps;C:\Users\zhekamir\AppData\Local\Programs\Fiddler
USERNAME=zhekamir
OS=Windows_NT
PROCESSOR_IDENTIFIER=Intel64 Family 6 Model 42 Stepping 7, GenuineIntel



---------------  S Y S T E M  ---------------

OS: Windows 10 , 64 bit Build 19041 (10.0.19041.1806)

CPU:total 4 (initial active 4) (2 cores per cpu, 2 threads per core) family 6 model 42 stepping 7, cmov, cx8, fxsr, mmx, sse, sse2, sse3, ssse3, sse4.1, sse4.2, popcnt, avx, clmul, ht, tsc, tscinvbit

Memory: 4k page, physical 8262932k(1042484k free), swap 13767956k(2531672k free)

vm_info: Java HotSpot(TM) 64-Bit Server VM (25.333-b02) for windows-amd64 JRE (1.8.0_333-b02), built on Apr 25 2022 22:49:11 by "java_re" with MS VC++ 15.9 (VS2017)

time: Fri Aug 19 11:02:58 2022
timezone: RTZ 4 (зима)
elapsed time: 0.390139 seconds (0d 0h 0m 0s)

